0 info it worked if it ends with ok
1 verbose cli [ 'node', '/usr/local/bin/npm', 'show', 'rxjs', 'info' ]
2 info using npm@1.3.21
3 info using node@v0.10.24
4 verbose url raw rxjs
5 verbose url resolving [ 'https://registry.npmjs.org/', './rxjs' ]
6 verbose url resolved https://registry.npmjs.org/rxjs
7 info trying registry request attempt 1 at 22:38:52
8 http GET https://registry.npmjs.org/rxjs
9 http 404 https://registry.npmjs.org/rxjs
10 silly registry.get cb [ 404,
10 silly registry.get   { date: 'Mon, 26 May 2014 02:38:52 GMT',
10 silly registry.get     server: 'CouchDB/1.5.0 (Erlang OTP/R14B04)',
10 silly registry.get     etag: '"EP0GZ1WNAMW4G75AZ2GFAYSAK"',
10 silly registry.get     'content-type': 'application/json',
10 silly registry.get     via: '1.1 varnish',
10 silly registry.get     'cache-control': 'max-age=0',
10 silly registry.get     'content-length': '468',
10 silly registry.get     'accept-ranges': 'bytes',
10 silly registry.get     age: '0',
10 silly registry.get     'x-served-by': 'cache-v41-ASH, cache-iad2129-IAD',
10 silly registry.get     'x-cache': 'MISS, MISS',
10 silly registry.get     'x-cache-hits': '0, 0',
10 silly registry.get     'x-timer': 'S1401071932.876148,VS0,VE85',
10 silly registry.get     vary: 'Accept',
10 silly registry.get     'keep-alive': 'timeout=10, max=50',
10 silly registry.get     connection: 'Keep-Alive' } ]
11 error TypeError: Cannot call method 'hasOwnProperty' of undefined
11 error     at /usr/local/lib/node_modules/npm/lib/view.js:61:27
11 error     at saved (/usr/local/lib/node_modules/npm/node_modules/npm-registry-client/lib/get.js:142:7)
11 error     at /usr/local/lib/node_modules/npm/node_modules/graceful-fs/polyfills.js:133:7
11 error     at Object.oncomplete (fs.js:107:15)
12 error If you need help, you may report this *entire* log,
12 error including the npm and node versions, at:
12 error     <http://github.com/isaacs/npm/issues>
13 error System Darwin 13.2.0
14 error command "node" "/usr/local/bin/npm" "show" "rxjs" "info"
15 error cwd /www/ractive/plugins/adaptors/rxjs
16 error node -v v0.10.24
17 error npm -v 1.3.21
18 error type non_object_property_call
19 verbose exit [ 1, true ]
